<?xml version="1.0" encoding="UTF-8"?>
<!-- Generated by org.testng.reporters.JUnitXMLReporter -->
<testsuite ignored="2" hostname="DESKTOP-6EUP8K9" failures="0" tests="0" time="0.049" errors="0" timestamp="2024-03-14T13:44:01 CET">
  <testcase classname="rahulshettyacademy.tests.ErrorValidations" name="ErrorValidation" time="0.0">
    <ignored/>
  </testcase> <!-- ErrorValidation -->
  <testcase classname="rahulshettyacademy.tests.ErrorValidations" name="ProductErrorValidation" time="0.0">
    <ignored/>
  </testcase> <!-- ProductErrorValidation -->
</testsuite>
