<?xml version="1.0" encoding="UTF-8"?>
<!-- Generated by org.testng.reporters.JUnitXMLReporter -->
<testsuite ignored="1" hostname="DESKTOP-6EUP8K9" failures="0" tests="2" name="Submit Order test" time="23.134" errors="0" timestamp="2024-03-14T13:44:23 CET">
  <testcase classname="rahulshettyacademy.tests.StandOrderTest" name="submitOrder" time="5.21"/>
  <testcase classname="rahulshettyacademy.tests.StandOrderTest" name="submitOrder" time="5.042"/>
  <testcase classname="rahulshettyacademy.tests.StandOrderTest" name="orderHistoryTest" time="0.0">
    <ignored/>
  </testcase> <!-- orderHistoryTest -->
</testsuite> <!-- Submit Order test -->
