<?xml version="1.0" encoding="UTF-8"?>
<!-- Generated by org.testng.reporters.JUnitXMLReporter -->
<testsuite ignored="0" hostname="DESKTOP-6EUP8K9" failures="0" tests="2" name="Error Validations test" time="20.242" errors="0" timestamp="2024-03-15T19:06:47 CET">
  <testcase classname="rahulshettyacademy.tests.ErrorValidations" name="ErrorValidation" time="0.967"/>
  <testcase classname="rahulshettyacademy.tests.ErrorValidations" name="ProductErrorValidation" time="3.863"/>
</testsuite> <!-- Error Validations test -->
