<?xml version="1.0" encoding="UTF-8"?>
<!-- Generated by org.testng.reporters.JUnitXMLReporter -->
<testsuite ignored="0" hostname="DESKTOP-6EUP8K9" failures="0" tests="3" name="Submit Order test" time="31.545" errors="0" timestamp="2024-03-15T19:06:57 CET">
  <testcase classname="rahulshettyacademy.tests.StandOrderTest" name="submitOrder" time="5.485"/>
  <testcase classname="rahulshettyacademy.tests.StandOrderTest" name="submitOrder" time="5.199"/>
  <testcase classname="rahulshettyacademy.tests.StandOrderTest" name="orderHistoryTest" time="1.361"/>
</testsuite> <!-- Submit Order test -->
