<?xml version="1.0" encoding="UTF-8"?>
<testng-results ignored="0" total="7" passed="7" failed="0" skipped="0">
  <reporter-output>
  </reporter-output>
  <suite started-at="2024-03-15T19:06:26 CET" name="Suite" finished-at="2024-03-15T19:06:57 CET" duration-ms="31545">
    <groups>
      <group name="Purchase">
        <method signature="StandOrderTest.submitOrder(java.util.HashMap)[pri:0, instance:rahulshettyacademy.tests.StandOrderTest@6f53b8a]" name="submitOrder" class="rahulshettyacademy.tests.StandOrderTest"/>
      </group> <!-- Purchase -->
    </groups>
    <test started-at="2024-03-15T19:06:26 CET" name="Error Validations test" finished-at="2024-03-15T19:06:46 CET" duration-ms="20242">
      <class name="rahulshettyacademy.tests.ErrorValidations">
        <test-method is-config="true" signature="launchApplocation()[pri:0, instance:rahulshettyacademy.tests.ErrorValidations@1f9e9475]" started-at="2024-03-15T19:06:26 CET" name="launchApplocation" finished-at="2024-03-15T19:06:35 CET" duration-ms="9597" status="PASS">
          <reporter-output>
          </reporter-output>
        </test-method> <!-- launchApplocation -->
        <test-method signature="ErrorValidation()[pri:0, instance:rahulshettyacademy.tests.ErrorValidations@1f9e9475]" started-at="2024-03-15T19:06:35 CET" name="ErrorValidation" finished-at="2024-03-15T19:06:36 CET" duration-ms="967" status="PASS">
          <reporter-output>
          </reporter-output>
        </test-method> <!-- ErrorValidation -->
        <test-method is-config="true" signature="tearDown()[pri:0, instance:rahulshettyacademy.tests.ErrorValidations@1f9e9475]" started-at="2024-03-15T19:06:36 CET" name="tearDown" finished-at="2024-03-15T19:06:36 CET" duration-ms="215" status="PASS">
          <reporter-output>
          </reporter-output>
        </test-method> <!-- tearDown -->
        <test-method is-config="true" signature="launchApplocation()[pri:0, instance:rahulshettyacademy.tests.ErrorValidations@1f9e9475]" started-at="2024-03-15T19:06:36 CET" name="launchApplocation" finished-at="2024-03-15T19:06:42 CET" duration-ms="5306" status="PASS">
          <reporter-output>
          </reporter-output>
        </test-method> <!-- launchApplocation -->
        <test-method signature="ProductErrorValidation()[pri:0, instance:rahulshettyacademy.tests.ErrorValidations@1f9e9475]" started-at="2024-03-15T19:06:42 CET" name="ProductErrorValidation" finished-at="2024-03-15T19:06:46 CET" duration-ms="3863" status="PASS">
          <reporter-output>
          </reporter-output>
        </test-method> <!-- ProductErrorValidation -->
        <test-method is-config="true" signature="tearDown()[pri:0, instance:rahulshettyacademy.tests.ErrorValidations@1f9e9475]" started-at="2024-03-15T19:06:46 CET" name="tearDown" finished-at="2024-03-15T19:06:46 CET" duration-ms="190" status="PASS">
          <reporter-output>
          </reporter-output>
        </test-method> <!-- tearDown -->
      </class> <!-- rahulshettyacademy.tests.ErrorValidations -->
    </test> <!-- Error Validations test -->
    <test started-at="2024-03-15T19:06:26 CET" name="Submit Order test" finished-at="2024-03-15T19:06:57 CET" duration-ms="31545">
      <class name="rahulshettyacademy.tests.StandOrderTest">
        <test-method is-config="true" signature="launchApplocation()[pri:0, instance:rahulshettyacademy.tests.StandOrderTest@6f53b8a]" started-at="2024-03-15T19:06:26 CET" name="launchApplocation" finished-at="2024-03-15T19:06:34 CET" duration-ms="7714" status="PASS">
          <reporter-output>
          </reporter-output>
        </test-method> <!-- launchApplocation -->
        <test-method signature="submitOrder(java.util.HashMap)[pri:0, instance:rahulshettyacademy.tests.StandOrderTest@6f53b8a]" started-at="2024-03-15T19:06:34 CET" name="submitOrder" data-provider="getData" finished-at="2024-03-15T19:06:39 CET" duration-ms="5485" status="PASS">
          <params>
            <param index="0">
              <value>
                <![CDATA[{password=Lol12345678@, email=mz@gmail.com, productName=ZARA COAT 3}]]>
              </value>
            </param>
          </params>
          <reporter-output>
          </reporter-output>
        </test-method> <!-- submitOrder -->
        <test-method is-config="true" signature="tearDown()[pri:0, instance:rahulshettyacademy.tests.StandOrderTest@6f53b8a]" started-at="2024-03-15T19:06:39 CET" name="tearDown" finished-at="2024-03-15T19:06:40 CET" duration-ms="221" status="PASS">
          <reporter-output>
          </reporter-output>
        </test-method> <!-- tearDown -->
        <test-method is-config="true" signature="launchApplocation()[pri:0, instance:rahulshettyacademy.tests.StandOrderTest@6f53b8a]" started-at="2024-03-15T19:06:40 CET" name="launchApplocation" finished-at="2024-03-15T19:06:44 CET" duration-ms="4289" status="PASS">
          <reporter-output>
          </reporter-output>
        </test-method> <!-- launchApplocation -->
        <test-method signature="submitOrder(java.util.HashMap)[pri:0, instance:rahulshettyacademy.tests.StandOrderTest@6f53b8a]" started-at="2024-03-15T19:06:44 CET" name="submitOrder" data-provider="getData" finished-at="2024-03-15T19:06:49 CET" duration-ms="5199" status="PASS">
          <params>
            <param index="0">
              <value>
                <![CDATA[{password=Lol12345678@, email=mz1@gmail.com, productName=ADIDAS ORIGINAL}]]>
              </value>
            </param>
          </params>
          <reporter-output>
          </reporter-output>
        </test-method> <!-- submitOrder -->
        <test-method is-config="true" signature="tearDown()[pri:0, instance:rahulshettyacademy.tests.StandOrderTest@6f53b8a]" started-at="2024-03-15T19:06:49 CET" name="tearDown" finished-at="2024-03-15T19:06:49 CET" duration-ms="202" status="PASS">
          <reporter-output>
          </reporter-output>
        </test-method> <!-- tearDown -->
        <test-method is-config="true" signature="launchApplocation()[pri:0, instance:rahulshettyacademy.tests.StandOrderTest@6f53b8a]" started-at="2024-03-15T19:06:49 CET" name="launchApplocation" finished-at="2024-03-15T19:06:56 CET" duration-ms="6219" status="PASS">
          <reporter-output>
          </reporter-output>
        </test-method> <!-- launchApplocation -->
        <test-method signature="orderHistoryTest()[pri:0, instance:rahulshettyacademy.tests.StandOrderTest@6f53b8a]" started-at="2024-03-15T19:06:56 CET" name="orderHistoryTest" finished-at="2024-03-15T19:06:57 CET" depends-on-methods="rahulshettyacademy.tests.StandOrderTest.submitOrder" duration-ms="1361" status="PASS">
          <reporter-output>
          </reporter-output>
        </test-method> <!-- orderHistoryTest -->
        <test-method is-config="true" signature="tearDown()[pri:0, instance:rahulshettyacademy.tests.StandOrderTest@6f53b8a]" started-at="2024-03-15T19:06:57 CET" name="tearDown" finished-at="2024-03-15T19:06:57 CET" duration-ms="219" status="PASS">
          <reporter-output>
          </reporter-output>
        </test-method> <!-- tearDown -->
      </class> <!-- rahulshettyacademy.tests.StandOrderTest -->
    </test> <!-- Submit Order test -->
  </suite> <!-- Suite -->
  <suite started-at="2024-03-15T19:06:57 CET" name="Suite (0)" finished-at="2024-03-15T19:07:20 CET" duration-ms="22615">
    <groups>
      <group name="Purchase">
        <method signature="StandOrderTest.submitOrder(java.util.HashMap)[pri:0, instance:rahulshettyacademy.tests.StandOrderTest@14dd7b39]" name="submitOrder" class="rahulshettyacademy.tests.StandOrderTest"/>
      </group> <!-- Purchase -->
    </groups>
    <test started-at="2024-03-15T19:06:57 CET" name="Error Validations test" finished-at="2024-03-15T19:06:57 CET" duration-ms="0">
    </test> <!-- Error Validations test -->
    <test started-at="2024-03-15T19:06:57 CET" name="Submit Order test" finished-at="2024-03-15T19:07:20 CET" duration-ms="22615">
      <class name="rahulshettyacademy.tests.StandOrderTest">
        <test-method is-config="true" signature="launchApplocation()[pri:0, instance:rahulshettyacademy.tests.StandOrderTest@14dd7b39]" started-at="2024-03-15T19:06:57 CET" name="launchApplocation" finished-at="2024-03-15T19:07:03 CET" duration-ms="5563" status="PASS">
          <reporter-output>
          </reporter-output>
        </test-method> <!-- launchApplocation -->
        <test-method signature="submitOrder(java.util.HashMap)[pri:0, instance:rahulshettyacademy.tests.StandOrderTest@14dd7b39]" started-at="2024-03-15T19:07:03 CET" name="submitOrder" data-provider="getData" finished-at="2024-03-15T19:07:08 CET" duration-ms="5083" status="PASS">
          <params>
            <param index="0">
              <value>
                <![CDATA[{password=Lol12345678@, email=mz@gmail.com, productName=ZARA COAT 3}]]>
              </value>
            </param>
          </params>
          <reporter-output>
          </reporter-output>
        </test-method> <!-- submitOrder -->
        <test-method is-config="true" signature="tearDown()[pri:0, instance:rahulshettyacademy.tests.StandOrderTest@14dd7b39]" started-at="2024-03-15T19:07:08 CET" name="tearDown" finished-at="2024-03-15T19:07:08 CET" duration-ms="206" status="PASS">
          <reporter-output>
          </reporter-output>
        </test-method> <!-- tearDown -->
        <test-method is-config="true" signature="launchApplocation()[pri:0, instance:rahulshettyacademy.tests.StandOrderTest@14dd7b39]" started-at="2024-03-15T19:07:08 CET" name="launchApplocation" finished-at="2024-03-15T19:07:14 CET" duration-ms="6354" status="PASS">
          <reporter-output>
          </reporter-output>
        </test-method> <!-- launchApplocation -->
        <test-method signature="submitOrder(java.util.HashMap)[pri:0, instance:rahulshettyacademy.tests.StandOrderTest@14dd7b39]" started-at="2024-03-15T19:07:14 CET" name="submitOrder" data-provider="getData" finished-at="2024-03-15T19:07:20 CET" duration-ms="5205" status="PASS">
          <params>
            <param index="0">
              <value>
                <![CDATA[{password=Lol12345678@, email=mz1@gmail.com, productName=ADIDAS ORIGINAL}]]>
              </value>
            </param>
          </params>
          <reporter-output>
          </reporter-output>
        </test-method> <!-- submitOrder -->
        <test-method is-config="true" signature="tearDown()[pri:0, instance:rahulshettyacademy.tests.StandOrderTest@14dd7b39]" started-at="2024-03-15T19:07:20 CET" name="tearDown" finished-at="2024-03-15T19:07:20 CET" duration-ms="194" status="PASS">
          <reporter-output>
          </reporter-output>
        </test-method> <!-- tearDown -->
      </class> <!-- rahulshettyacademy.tests.StandOrderTest -->
    </test> <!-- Submit Order test -->
  </suite> <!-- Suite (0) -->
</testng-results>
